<?xml version="1.0" encoding="UTF-8"?>
<testng-results ignored="0" total="1" passed="1" failed="0" skipped="0">
  <reporter-output>
  </reporter-output>
  <suite started-at="2021-04-13T20:48:17 EDT" name="Default suite" finished-at="2021-04-13T20:48:31 EDT" duration-ms="13885">
    <groups>
    </groups>
    <test started-at="2021-04-13T20:48:17 EDT" name="Default test" finished-at="2021-04-13T20:48:31 EDT" duration-ms="13885">
      <class name="tests.EmployeeWithholdingsTest">
        <test-method is-config="true" signature="initClass()[pri:0, instance:tests.EmployeeWithholdingsTest@4c1d9d4b]" started-at="2021-04-13T20:48:17 EDT" name="initClass" finished-at="2021-04-13T20:48:19 EDT" duration-ms="2053" status="PASS">
          <reporter-output>
          </reporter-output>
        </test-method> <!-- initClass -->
        <test-method is-config="true" signature="launchApp()[pri:0, instance:tests.EmployeeWithholdingsTest@4c1d9d4b]" started-at="2021-04-13T20:48:19 EDT" name="launchApp" finished-at="2021-04-13T20:48:21 EDT" duration-ms="1825" status="PASS">
          <reporter-output>
          </reporter-output>
        </test-method> <!-- launchApp -->
        <test-method signature="verifyEmployeeWithholdingData()[pri:0, instance:tests.EmployeeWithholdingsTest@4c1d9d4b]" started-at="2021-04-13T20:48:21 EDT" name="verifyEmployeeWithholdingData" finished-at="2021-04-13T20:48:30 EDT" duration-ms="9111" status="PASS">
          <reporter-output>
          </reporter-output>
        </test-method> <!-- verifyEmployeeWithholdingData -->
        <test-method is-config="true" signature="tearDown()[pri:0, instance:tests.EmployeeWithholdingsTest@4c1d9d4b]" started-at="2021-04-13T20:48:30 EDT" name="tearDown" finished-at="2021-04-13T20:48:31 EDT" duration-ms="851" status="PASS">
          <reporter-output>
          </reporter-output>
        </test-method> <!-- tearDown -->
      </class> <!-- tests.EmployeeWithholdingsTest -->
    </test> <!-- Default test -->
  </suite> <!-- Default suite -->
</testng-results>
