<?xml version="1.0" encoding="UTF-8"?>
<testng-results ignored="0" total="1" passed="1" failed="0" skipped="0">
  <reporter-output>
  </reporter-output>
  <suite started-at="2021-04-12T20:00:31 EDT" name="Default suite" finished-at="2021-04-12T20:01:00 EDT" duration-ms="28687">
    <groups>
    </groups>
    <test started-at="2021-04-12T20:00:31 EDT" name="Default test" finished-at="2021-04-12T20:01:00 EDT" duration-ms="28687">
      <class name="tests.EmployeeWithholdingsTest">
        <test-method is-config="true" signature="initClass()[pri:0, instance:tests.EmployeeWithholdingsTest@4c1d9d4b]" started-at="2021-04-12T20:00:31 EDT" name="initClass" finished-at="2021-04-12T20:00:35 EDT" duration-ms="3715" status="PASS">
          <reporter-output>
          </reporter-output>
        </test-method> <!-- initClass -->
        <test-method is-config="true" signature="launchApp()[pri:0, instance:tests.EmployeeWithholdingsTest@4c1d9d4b]" started-at="2021-04-12T20:00:35 EDT" name="launchApp" finished-at="2021-04-12T20:00:37 EDT" duration-ms="1891" status="PASS">
          <reporter-output>
          </reporter-output>
        </test-method> <!-- launchApp -->
        <test-method signature="verifyEmployeeWithholdingData()[pri:0, instance:tests.EmployeeWithholdingsTest@4c1d9d4b]" started-at="2021-04-12T20:00:37 EDT" name="verifyEmployeeWithholdingData" finished-at="2021-04-12T20:00:59 EDT" duration-ms="22154" status="PASS">
          <reporter-output>
          </reporter-output>
        </test-method> <!-- verifyEmployeeWithholdingData -->
        <test-method is-config="true" signature="tearDown()[pri:0, instance:tests.EmployeeWithholdingsTest@4c1d9d4b]" started-at="2021-04-12T20:00:59 EDT" name="tearDown" finished-at="2021-04-12T20:01:00 EDT" duration-ms="829" status="PASS">
          <reporter-output>
          </reporter-output>
        </test-method> <!-- tearDown -->
      </class> <!-- tests.EmployeeWithholdingsTest -->
    </test> <!-- Default test -->
  </suite> <!-- Default suite -->
</testng-results>
